<?xml version="1.0" encoding="UTF-8"?>
<testsuite xmlns:xsi="http://www.w3.org/2001/XMLSchema-instance" xsi:noNamespaceSchemaLocation="https://maven.apache.org/surefire/maven-surefire-plugin/xsd/surefire-test-report.xsd" name="ch6.AppTest" time="0.843" tests="1" errors="0" skipped="0" failures="0">
  <properties>
    <property name="sun.desktop" value="windows"/>
    <property name="awt.toolkit" value="sun.awt.windows.WToolkit"/>
    <property name="java.specification.version" value="11"/>
    <property name="sun.cpu.isalist" value="amd64"/>
    <property name="sun.jnu.encoding" value="GBK"/>
    <property name="java.class.path" value="C:\Users\Hao\Desktop\ch6\target\test-classes;C:\Users\Hao\Desktop\ch6\target\classes;D:\JavaDependency\maven_ku\junit\junit\4.11\junit-4.11.jar;D:\JavaDependency\maven_ku\org\hamcrest\hamcrest-core\1.3\hamcrest-core-1.3.jar;D:\JavaDependency\maven_ku\org\mybatis\mybatis\3.4.6\mybatis-3.4.6.jar;D:\JavaDependency\maven_ku\mysql\mysql-connector-java\5.1.47\mysql-connector-java-5.1.47.jar;D:\JavaDependency\maven_ku\log4j\log4j\1.2.17\log4j-1.2.17.jar;"/>
    <property name="java.vm.vendor" value="Oracle Corporation"/>
    <property name="sun.arch.data.model" value="64"/>
    <property name="user.variant" value=""/>
    <property name="java.vendor.url" value="http://java.oracle.com/"/>
    <property name="user.timezone" value="Asia/Shanghai"/>
    <property name="java.vm.specification.version" value="11"/>
    <property name="os.name" value="Windows 10"/>
    <property name="sun.java.launcher" value="SUN_STANDARD"/>
    <property name="user.country" value="CN"/>
    <property name="sun.boot.library.path" value="C:\Program Files\Java\jdk-11\bin"/>
    <property name="sun.java.command" value="C:\Users\Hao\AppData\Local\Temp\surefire6661149243658922774\surefirebooter4193412892779134675.jar C:\Users\Hao\AppData\Local\Temp\surefire6661149243658922774 2019-10-09T23-35-41_886-jvmRun1 surefire10644304161023006874tmp surefire_07329026306459099945tmp"/>
    <property name="jdk.debug" value="release"/>
    <property name="surefire.test.class.path" value="C:\Users\Hao\Desktop\ch6\target\test-classes;C:\Users\Hao\Desktop\ch6\target\classes;D:\JavaDependency\maven_ku\junit\junit\4.11\junit-4.11.jar;D:\JavaDependency\maven_ku\org\hamcrest\hamcrest-core\1.3\hamcrest-core-1.3.jar;D:\JavaDependency\maven_ku\org\mybatis\mybatis\3.4.6\mybatis-3.4.6.jar;D:\JavaDependency\maven_ku\mysql\mysql-connector-java\5.1.47\mysql-connector-java-5.1.47.jar;D:\JavaDependency\maven_ku\log4j\log4j\1.2.17\log4j-1.2.17.jar;"/>
    <property name="sun.cpu.endian" value="little"/>
    <property name="user.home" value="C:\Users\Hao"/>
    <property name="user.language" value="zh"/>
    <property name="java.specification.vendor" value="Oracle Corporation"/>
    <property name="java.version.date" value="2018-09-25"/>
    <property name="java.home" value="C:\Program Files\Java\jdk-11"/>
    <property name="file.separator" value="\"/>
    <property name="basedir" value="C:\Users\Hao\Desktop\ch6"/>
    <property name="java.vm.compressedOopsMode" value="32-bit"/>
    <property name="line.separator" value="&#10;"/>
    <property name="idea.version2019.2.3" value="true"/>
    <property name="java.specification.name" value="Java Platform API Specification"/>
    <property name="java.vm.specification.vendor" value="Oracle Corporation"/>
    <property name="java.awt.graphicsenv" value="sun.awt.Win32GraphicsEnvironment"/>
    <property name="surefire.real.class.path" value="C:\Users\Hao\AppData\Local\Temp\surefire6661149243658922774\surefirebooter4193412892779134675.jar"/>
    <property name="user.script" value=""/>
    <property name="sun.management.compiler" value="HotSpot 64-Bit Tiered Compilers"/>
    <property name="java.runtime.version" value="11+28"/>
    <property name="user.name" value="Hao"/>
    <property name="path.separator" value=";"/>
    <property name="os.version" value="10.0"/>
    <property name="java.runtime.name" value="Java(TM) SE Runtime Environment"/>
    <property name="file.encoding" value="GBK"/>
    <property name="java.vm.name" value="Java HotSpot(TM) 64-Bit Server VM"/>
    <property name="java.vendor.version" value="18.9"/>
    <property name="localRepository" value="D:\JavaDependency\maven_ku"/>
    <property name="java.vendor.url.bug" value="http://bugreport.java.com/bugreport/"/>
    <property name="java.io.tmpdir" value="C:\Users\Hao\AppData\Local\Temp\"/>
    <property name="java.version" value="11"/>
    <property name="user.dir" value="C:\Users\Hao\Desktop\ch6"/>
    <property name="os.arch" value="amd64"/>
    <property name="java.vm.specification.name" value="Java Virtual Machine Specification"/>
    <property name="java.awt.printerjob" value="sun.awt.windows.WPrinterJob"/>
    <property name="sun.os.patch.level" value=""/>
    <property name="java.library.path" value="C:\Program Files\Java\jdk-11\bin;C:\Windows\Sun\Java\bin;C:\Windows\system32;C:\Windows;C:\Program Files (x86)\Common Files\Oracle\Java\javapath;C:\Windows\system32;C:\Windows;C:\Windows\System32\Wbem;C:\Windows\System32\WindowsPowerShell\v1.0\;C:\Windows\System32\OpenSSH\;C:\Program Files\Java\jdk-11\bin;D:\JavaDependency\apache-maven-3.6.1\BIN;D:\Software\mysql-8.0.17-winx64\bin;C:\Program Files\Git\cmd;C:\Users\Hao\AppData\Local\Microsoft\WindowsApps;C:\Program Files\Bandizip\;."/>
    <property name="java.vendor" value="Oracle Corporation"/>
    <property name="java.vm.info" value="mixed mode"/>
    <property name="java.vm.version" value="11+28"/>
    <property name="sun.io.unicode.encoding" value="UnicodeLittle"/>
    <property name="java.class.version" value="55.0"/>
  </properties>
  <testcase name="Test01" classname="ch6.AppTest" time="0.797"/>
</testsuite>